GROUP,PACKAGE,CLASS,INSTRUCTION_MISSED,INSTRUCTION_COVERED,BRANCH_MISSED,BRANCH_COVERED,LINE_MISSED,LINE_COVERED,COMPLEXITY_MISSED,COMPLEXITY_COVERED,METHOD_MISSED,METHOD_COVERED
Rave,com.github.theresasogunle,Fees,0,109,0,0,0,26,0,9,0,9
Rave,com.github.theresasogunle,ApiQuery,0,18,0,0,0,6,0,3,0,3
Rave,com.github.theresasogunle,Environment,9,29,0,0,0,3,2,2,2,2
Rave,com.github.theresasogunle,Charge,0,97,0,0,0,21,0,4,0,4
Rave,com.github.theresasogunle,AccountCharge,49,226,0,0,14,63,7,29,7,29
Rave,com.github.theresasogunle,AlternativePayment,20,418,0,0,3,104,2,32,2,32
Rave,com.github.theresasogunle,CardCharge,120,368,6,2,37,104,17,45,13,45
Rave,com.github.theresasogunle,IntegrityChecksum,1,233,0,2,0,60,0,25,0,24
Rave,com.github.theresasogunle,Bank,0,20,0,0,0,4,0,2,0,2
Rave,com.github.theresasogunle,PreAuthorization,7,387,0,0,1,107,1,40,1,40
Rave,com.github.theresasogunle,Transaction,41,55,0,0,8,14,1,6,1,6
Rave,com.github.theresasogunle,Refund,0,46,0,0,0,11,0,4,0,4
Rave,com.github.theresasogunle,ExchangeRates,0,68,0,0,0,18,0,8,0,8
Rave,com.github.theresasogunle,RaveConstant,0,3,0,0,0,1,0,1,0,1
Rave,com.github.theresasogunle,ApiConnection,37,62,0,0,16,23,1,4,1,4
Rave,com.github.theresasogunle,Polling,121,0,0,0,28,0,4,0,4,0
Rave,com.github.theresasogunle,Endpoints,21,226,1,1,9,43,5,12,4,12
Rave,com.github.theresasogunle,Encryption,49,125,0,2,17,23,2,5,2,4
